[lcisetl1b@hdpmdbdv1 ~]$ kafka-topics --list --zookeeper "172.19.103.231:2181,172.19.103.232:2181,172.19.103.233:2181"
__consumer_offsets
_schemas
am-9100
am-91000
am-91001
am-91004
am-91012
am-93000
am-93001
am-93012
am-all
am-file
am-raw
am-rawccp-1001
ccp-0
ccp-1001
ccp-1002
ccp-1003
ccp-1004
ccp-1005
ccp-1006
ccp-1007
ccp-1100
ccp-1101
ccp-1102
ccp-1200
ccp-1300
ccp-1400
ccp-1500
ccp-1600
ccp-1700
ccp-1800
ccp-1900
ccp-2100
ccp-2200
ccp-2300
ccp-2400
ccp-all
ccp-file
ccp-raw
dmc-811001
dmc-812001
dmc-812005
dmc-812006
dmc-812007
dmc-832005
dmc-all
dmc-file
dmc-raw
etg-logs
etg-logss
metrics
mldd-50001
mldd-50040
mldd-50041
mldd-52010
mldd-52013
mldd-52020
mldd-52021
mldd-52022
mldd-52024
mldd-all
my-topic
performance_topic
schedule-topic
targetTopic
test
whatsup-logs